#
# There is insufficient memory for the Java Runtime Environment to continue.
# Native memory allocation (malloc) failed to allocate 32744 bytes for ChunkPool::allocate
# Possible reasons:
#   The system is out of physical RAM or swap space
#   The process is running with CompressedOops enabled, and the Java Heap may be blocking the growth of the native heap
# Possible solutions:
#   Reduce memory load on the system
#   Increase physical memory or swap space
#   Check if swap backing store is full
#   Decrease Java heap size (-Xmx/-Xms)
#   Decrease number of Java threads
#   Decrease Java thread stack sizes (-Xss)
#   Set larger code cache with -XX:ReservedCodeCacheSize=
#   JVM is running with Unscaled Compressed Oops mode in which the Java heap is
#     placed in the first 4GB address space. The Java Heap base address is the
#     maximum limit for the native heap growth. Please use -XX:HeapBaseMinAddress
#     to set the Java Heap base and to place the Java Heap above 4GB virtual address.
# This output file may be truncated or incomplete.
#
#  Out of Memory Error (./open/src/hotspot/share/memory/arena.cpp:79), pid=22448, tid=6372
#
# JRE version: Java(TM) SE Runtime Environment (14.0.2+12) (build 14.0.2+12-46)
# Java VM: Java HotSpot(TM) 64-Bit Server VM (14.0.2+12-46, mixed mode, sharing, tiered, compressed oops, g1 gc, windows-amd64)
# No core dump will be written. Minidumps are not enabled by default on client versions of Windows
#

---------------  S U M M A R Y ------------

Command Line: -Dfile.encoding=UTF-8 -XX:+ShowCodeDetailsInExceptionMessages gui.TrangChu

Host: Intel(R) Core(TM) i5-10210U CPU @ 1.60GHz, 8 cores, 7G,  Windows 10 , 64 bit Build 22000 (10.0.22000.613)
Time: Thu May 12 23:40:16 2022 SE Asia Standard Time elapsed time: 28 seconds (0d 0h 0m 28s)

---------------  T H R E A D  ---------------

Current thread (0x000001df6b4e5000):  JavaThread "C2 CompilerThread0" daemon [_thread_in_native, id=6372, stack(0x000000644f600000,0x000000644f700000)]


Current CompileTask:
C2:  28912 2706 %     4       sun.java2d.marlin.DRenderer::_endRendering @ 784 (2480 bytes)

Stack: [0x000000644f600000,0x000000644f700000]
Native frames: (J=compiled Java code, j=interpreted, Vv=VM code, C=native code)
V  [jvm.dll+0x5f8a9a]
V  [jvm.dll+0x74247a]
V  [jvm.dll+0x743c2f]
V  [jvm.dll+0x744273]
V  [jvm.dll+0x20d288]
V  [jvm.dll+0xabea6]
V  [jvm.dll+0xabc7d]
V  [jvm.dll+0x72c13f]
V  [jvm.dll+0x1ecd33]
V  [jvm.dll+0x61bc7a]
V  [jvm.dll+0x1e4f10]
V  [jvm.dll+0x1779cc]
V  [jvm.dll+0x1f4105]
V  [jvm.dll+0x1f22eb]
V  [jvm.dll+0x7070cd]
V  [jvm.dll+0x6ffeda]
V  [jvm.dll+0x5f78f6]
C  [ucrtbase.dll+0x26c0c]
C  [KERNEL32.DLL+0x154e0]
C  [ntdll.dll+0x485b]


---------------  P R O C E S S  ---------------

Threads class SMR info:
_java_thread_list=0x000001df6d7c26f0, length=16, elements={
0x000001df6b4ba000, 0x000001df6b4bc000, 0x000001df6b4d2800, 0x000001df6b4d7800,
0x000001df6b4d8000, 0x000001df6b4e5000, 0x000001df6b4e9000, 0x000001df6b4fa000,
0x000001df6bf70800, 0x000001df6bf7c000, 0x000001df6c1b2800, 0x000001df6c1b3000,
0x000001df6c1ba800, 0x000001df6c1cb800, 0x000001df4c530000, 0x000001df6cd73800
}

Java Threads: ( => current thread )
  0x000001df6b4ba000 JavaThread "Reference Handler" daemon [_thread_blocked, id=24012, stack(0x000000644f100000,0x000000644f200000)]
  0x000001df6b4bc000 JavaThread "Finalizer" daemon [_thread_blocked, id=23744, stack(0x000000644f200000,0x000000644f300000)]
  0x000001df6b4d2800 JavaThread "Signal Dispatcher" daemon [_thread_blocked, id=15280, stack(0x000000644f300000,0x000000644f400000)]
  0x000001df6b4d7800 JavaThread "Attach Listener" daemon [_thread_blocked, id=22572, stack(0x000000644f400000,0x000000644f500000)]
  0x000001df6b4d8000 JavaThread "Service Thread" daemon [_thread_blocked, id=12596, stack(0x000000644f500000,0x000000644f600000)]
=>0x000001df6b4e5000 JavaThread "C2 CompilerThread0" daemon [_thread_in_native, id=6372, stack(0x000000644f600000,0x000000644f700000)]
  0x000001df6b4e9000 JavaThread "C1 CompilerThread0" daemon [_thread_in_native, id=8696, stack(0x000000644f700000,0x000000644f800000)]
  0x000001df6b4fa000 JavaThread "Sweeper thread" daemon [_thread_blocked, id=512, stack(0x000000644f800000,0x000000644f900000)]
  0x000001df6bf70800 JavaThread "Notification Thread" daemon [_thread_blocked, id=24628, stack(0x000000644f900000,0x000000644fa00000)]
  0x000001df6bf7c000 JavaThread "Common-Cleaner" daemon [_thread_blocked, id=21424, stack(0x000000644fb00000,0x000000644fc00000)]
  0x000001df6c1b2800 JavaThread "Java2D Disposer" daemon [_thread_blocked, id=10188, stack(0x000000644fc00000,0x000000644fd00000)]
  0x000001df6c1b3000 JavaThread "AWT-Shutdown" [_thread_blocked, id=4460, stack(0x000000644fd00000,0x000000644fe00000)]
  0x000001df6c1ba800 JavaThread "AWT-Windows" daemon [_thread_in_native, id=13040, stack(0x000000644fe00000,0x000000644ff00000)]
  0x000001df6c1cb800 JavaThread "AWT-EventQueue-0" [_thread_in_Java, id=5528, stack(0x000000644ff00000,0x0000006450000000)]
  0x000001df4c530000 JavaThread "DestroyJavaVM" [_thread_blocked, id=13652, stack(0x000000644ea00000,0x000000644eb00000)]
  0x000001df6cd73800 JavaThread "TimerQueue" daemon [_thread_blocked, id=22848, stack(0x0000006450100000,0x0000006450200000)]

Other Threads:
  0x000001df6b4b8000 VMThread "VM Thread" [stack: 0x000000644f000000,0x000000644f100000] [id=23240]
  0x000001df6bf73000 WatcherThread [stack: 0x000000644fa00000,0x000000644fb00000] [id=15856]
  0x000001df4c574800 GCTaskThread "GC Thread#0" [stack: 0x000000644eb00000,0x000000644ec00000] [id=23488]
  0x000001df6d6ec800 GCTaskThread "GC Thread#1" [stack: 0x0000006450300000,0x0000006450400000] [id=14948]
  0x000001df6d6ed800 GCTaskThread "GC Thread#2" [stack: 0x0000006450400000,0x0000006450500000] [id=23804]
  0x000001df6d6f0800 GCTaskThread "GC Thread#3" [stack: 0x0000006450500000,0x0000006450600000] [id=3556]
  0x000001df6d6f3800 GCTaskThread "GC Thread#4" [stack: 0x0000006450600000,0x0000006450700000] [id=19044]
  0x000001df6d71d800 GCTaskThread "GC Thread#5" [stack: 0x0000006450700000,0x0000006450800000] [id=7112]
  0x000001df4c586800 ConcurrentGCThread "G1 Main Marker" [stack: 0x000000644ec00000,0x000000644ed00000] [id=10192]
  0x000001df4c587800 ConcurrentGCThread "G1 Conc#0" [stack: 0x000000644ed00000,0x000000644ee00000] [id=13092]
  0x000001df6b330800 ConcurrentGCThread "G1 Refine#0" [stack: 0x000000644ee00000,0x000000644ef00000] [id=20464]
  0x000001df6bfeb000 ConcurrentGCThread "G1 Refine#1" [stack: 0x0000006450800000,0x0000006450900000] [id=24880]
  0x000001df6c233800 ConcurrentGCThread "G1 Refine#2" [stack: 0x0000006450900000,0x0000006450a00000] [id=3864]
  0x000001df6cb7d000 ConcurrentGCThread "G1 Refine#3" [stack: 0x0000006450a00000,0x0000006450b00000] [id=24344]
  0x000001df6b331000 ConcurrentGCThread "G1 Young RemSet Sampling" [stack: 0x000000644ef00000,0x000000644f000000] [id=21680]

Threads with active compile tasks:
C2 CompilerThread0    29004 2706 %     4       sun.java2d.marlin.DRenderer::_endRendering @ 784 (2480 bytes)
C1 CompilerThread0    29004 2745       3       javax.swing.JLabel::setText (107 bytes)

VM state:not at safepoint (normal execution)

VM Mutex/Monitor currently owned by a thread: None

Heap address: 0x0000000082e00000, size: 2002 MB, Compressed Oops mode: 32-bit
Narrow klass base: 0x0000000800000000, Narrow klass shift: 3
Compressed class space size: 1073741824 Address: 0x0000000800b30000

Heap:
 garbage-first heap   total 129024K, used 30862K [0x0000000082e00000, 0x0000000100000000)
  region size 1024K, 13 young (13312K), 3 survivors (3072K)
 Metaspace       used 20616K, capacity 20973K, committed 21248K, reserved 1069056K
  class space    used 2323K, capacity 2472K, committed 2560K, reserved 1048576K
Heap Regions: E=young(eden), S=young(survivor), O=old, HS=humongous(starts), HC=humongous(continues), CS=collection set, F=free, OA=open archive, CA=closed archive, TAMS=top-at-mark-start (previous, next)
|   0|0x0000000082e00000, 0x0000000082f00000, 0x0000000082f00000|100%| O|  |TAMS 0x0000000082e00000, 0x0000000082e00000| Untracked 
|   1|0x0000000082f00000, 0x0000000083000000, 0x0000000083000000|100%| O|  |TAMS 0x0000000082f00000, 0x0000000082f00000| Untracked 
|   2|0x0000000083000000, 0x0000000083023800, 0x0000000083100000| 13%| O|  |TAMS 0x0000000083000000, 0x0000000083000000| Untracked 
|   3|0x0000000083100000, 0x0000000083200000, 0x0000000083200000|100%|HS|  |TAMS 0x0000000083100000, 0x0000000083100000| Complete 
|   4|0x0000000083200000, 0x0000000083300000, 0x0000000083300000|100%|HC|  |TAMS 0x0000000083200000, 0x0000000083200000| Complete 
|   5|0x0000000083300000, 0x0000000083400000, 0x0000000083400000|100%|HC|  |TAMS 0x0000000083300000, 0x0000000083300000| Complete 
|   6|0x0000000083400000, 0x0000000083500000, 0x0000000083500000|100%|HC|  |TAMS 0x0000000083400000, 0x0000000083400000| Complete 
|   7|0x0000000083500000, 0x0000000083600000, 0x0000000083600000|100%|HC|  |TAMS 0x0000000083500000, 0x0000000083500000| Complete 
|   8|0x0000000083600000, 0x0000000083700000, 0x0000000083700000|100%|HC|  |TAMS 0x0000000083600000, 0x0000000083600000| Complete 
|   9|0x0000000083700000, 0x0000000083800000, 0x0000000083800000|100%|HC|  |TAMS 0x0000000083700000, 0x0000000083700000| Complete 
|  10|0x0000000083800000, 0x0000000083900000, 0x0000000083900000|100%|HC|  |TAMS 0x0000000083800000, 0x0000000083800000| Complete 
|  11|0x0000000083900000, 0x0000000083a00000, 0x0000000083a00000|100%|HS|  |TAMS 0x0000000083900000, 0x0000000083900000| Complete 
|  12|0x0000000083a00000, 0x0000000083b00000, 0x0000000083b00000|100%|HC|  |TAMS 0x0000000083a00000, 0x0000000083a00000| Complete 
|  13|0x0000000083b00000, 0x0000000083c00000, 0x0000000083c00000|100%|HC|  |TAMS 0x0000000083b00000, 0x0000000083b00000| Complete 
|  14|0x0000000083c00000, 0x0000000083d00000, 0x0000000083d00000|100%|HC|  |TAMS 0x0000000083c00000, 0x0000000083c00000| Complete 
|  15|0x0000000083d00000, 0x0000000083e00000, 0x0000000083e00000|100%|HC|  |TAMS 0x0000000083d00000, 0x0000000083d00000| Complete 
|  16|0x0000000083e00000, 0x0000000083f00000, 0x0000000083f00000|100%|HC|  |TAMS 0x0000000083e00000, 0x0000000083e00000| Complete 
|  17|0x0000000083f00000, 0x0000000084000000, 0x0000000084000000|100%|HC|  |TAMS 0x0000000083f00000, 0x0000000083f00000| Complete 
|  18|0x0000000084000000, 0x0000000084100000, 0x0000000084100000|100%|HC|  |TAMS 0x0000000084000000, 0x0000000084000000| Complete 
|  19|0x0000000084100000, 0x0000000084100000, 0x0000000084200000|  0%| F|  |TAMS 0x0000000084100000, 0x0000000084100000| Untracked 
|  20|0x0000000084200000, 0x0000000084200000, 0x0000000084300000|  0%| F|  |TAMS 0x0000000084200000, 0x0000000084200000| Untracked 
|  21|0x0000000084300000, 0x0000000084300000, 0x0000000084400000|  0%| F|  |TAMS 0x0000000084300000, 0x0000000084300000| Untracked 
|  22|0x0000000084400000, 0x0000000084400000, 0x0000000084500000|  0%| F|  |TAMS 0x0000000084400000, 0x0000000084400000| Untracked 
|  23|0x0000000084500000, 0x0000000084500000, 0x0000000084600000|  0%| F|  |TAMS 0x0000000084500000, 0x0000000084500000| Untracked 
|  24|0x0000000084600000, 0x0000000084600000, 0x0000000084700000|  0%| F|  |TAMS 0x0000000084600000, 0x0000000084600000| Untracked 
|  25|0x0000000084700000, 0x0000000084700000, 0x0000000084800000|  0%| F|  |TAMS 0x0000000084700000, 0x0000000084700000| Untracked 
|  26|0x0000000084800000, 0x0000000084800000, 0x0000000084900000|  0%| F|  |TAMS 0x0000000084800000, 0x0000000084800000| Untracked 
|  27|0x0000000084900000, 0x0000000084900000, 0x0000000084a00000|  0%| F|  |TAMS 0x0000000084900000, 0x0000000084900000| Untracked 
|  28|0x0000000084a00000, 0x0000000084a00000, 0x0000000084b00000|  0%| F|  |TAMS 0x0000000084a00000, 0x0000000084a00000| Untracked 
|  29|0x0000000084b00000, 0x0000000084b00000, 0x0000000084c00000|  0%| F|  |TAMS 0x0000000084b00000, 0x0000000084b00000| Untracked 
|  30|0x0000000084c00000, 0x0000000084c00000, 0x0000000084d00000|  0%| F|  |TAMS 0x0000000084c00000, 0x0000000084c00000| Untracked 
|  31|0x0000000084d00000, 0x0000000084d00000, 0x0000000084e00000|  0%| F|  |TAMS 0x0000000084d00000, 0x0000000084d00000| Untracked 
|  32|0x0000000084e00000, 0x0000000084e00000, 0x0000000084f00000|  0%| F|  |TAMS 0x0000000084e00000, 0x0000000084e00000| Untracked 
|  33|0x0000000084f00000, 0x0000000084f00000, 0x0000000085000000|  0%| F|  |TAMS 0x0000000084f00000, 0x0000000084f00000| Untracked 
|  34|0x0000000085000000, 0x0000000085000000, 0x0000000085100000|  0%| F|  |TAMS 0x0000000085000000, 0x0000000085000000| Untracked 
|  35|0x0000000085100000, 0x0000000085100000, 0x0000000085200000|  0%| F|  |TAMS 0x0000000085100000, 0x0000000085100000| Untracked 
|  36|0x0000000085200000, 0x0000000085200000, 0x0000000085300000|  0%| F|  |TAMS 0x0000000085200000, 0x0000000085200000| Untracked 
|  37|0x0000000085300000, 0x0000000085300000, 0x0000000085400000|  0%| F|  |TAMS 0x0000000085300000, 0x0000000085300000| Untracked 
|  38|0x0000000085400000, 0x0000000085400000, 0x0000000085500000|  0%| F|  |TAMS 0x0000000085400000, 0x0000000085400000| Untracked 
|  39|0x0000000085500000, 0x0000000085500000, 0x0000000085600000|  0%| F|  |TAMS 0x0000000085500000, 0x0000000085500000| Untracked 
|  40|0x0000000085600000, 0x0000000085600000, 0x0000000085700000|  0%| F|  |TAMS 0x0000000085600000, 0x0000000085600000| Untracked 
|  41|0x0000000085700000, 0x0000000085700000, 0x0000000085800000|  0%| F|  |TAMS 0x0000000085700000, 0x0000000085700000| Untracked 
|  42|0x0000000085800000, 0x0000000085800000, 0x0000000085900000|  0%| F|  |TAMS 0x0000000085800000, 0x0000000085800000| Untracked 
|  43|0x0000000085900000, 0x0000000085900000, 0x0000000085a00000|  0%| F|  |TAMS 0x0000000085900000, 0x0000000085900000| Untracked 
|  44|0x0000000085a00000, 0x0000000085a00000, 0x0000000085b00000|  0%| F|  |TAMS 0x0000000085a00000, 0x0000000085a00000| Untracked 
|  45|0x0000000085b00000, 0x0000000085b00000, 0x0000000085c00000|  0%| F|  |TAMS 0x0000000085b00000, 0x0000000085b00000| Untracked 
|  46|0x0000000085c00000, 0x0000000085c00000, 0x0000000085d00000|  0%| F|  |TAMS 0x0000000085c00000, 0x0000000085c00000| Untracked 
|  47|0x0000000085d00000, 0x0000000085d00000, 0x0000000085e00000|  0%| F|  |TAMS 0x0000000085d00000, 0x0000000085d00000| Untracked 
|  48|0x0000000085e00000, 0x0000000085e00000, 0x0000000085f00000|  0%| F|  |TAMS 0x0000000085e00000, 0x0000000085e00000| Untracked 
|  49|0x0000000085f00000, 0x0000000085f00000, 0x0000000086000000|  0%| F|  |TAMS 0x0000000085f00000, 0x0000000085f00000| Untracked 
|  50|0x0000000086000000, 0x0000000086000000, 0x0000000086100000|  0%| F|  |TAMS 0x0000000086000000, 0x0000000086000000| Untracked 
|  51|0x0000000086100000, 0x0000000086100000, 0x0000000086200000|  0%| F|  |TAMS 0x0000000086100000, 0x0000000086100000| Untracked 
|  52|0x0000000086200000, 0x0000000086200000, 0x0000000086300000|  0%| F|  |TAMS 0x0000000086200000, 0x0000000086200000| Untracked 
|  53|0x0000000086300000, 0x0000000086300000, 0x0000000086400000|  0%| F|  |TAMS 0x0000000086300000, 0x0000000086300000| Untracked 
|  54|0x0000000086400000, 0x0000000086400000, 0x0000000086500000|  0%| F|  |TAMS 0x0000000086400000, 0x0000000086400000| Untracked 
|  55|0x0000000086500000, 0x0000000086500000, 0x0000000086600000|  0%| F|  |TAMS 0x0000000086500000, 0x0000000086500000| Untracked 
|  56|0x0000000086600000, 0x0000000086600000, 0x0000000086700000|  0%| F|  |TAMS 0x0000000086600000, 0x0000000086600000| Untracked 
|  57|0x0000000086700000, 0x0000000086700000, 0x0000000086800000|  0%| F|  |TAMS 0x0000000086700000, 0x0000000086700000| Untracked 
|  58|0x0000000086800000, 0x0000000086800000, 0x0000000086900000|  0%| F|  |TAMS 0x0000000086800000, 0x0000000086800000| Untracked 
|  59|0x0000000086900000, 0x0000000086900000, 0x0000000086a00000|  0%| F|  |TAMS 0x0000000086900000, 0x0000000086900000| Untracked 
|  60|0x0000000086a00000, 0x0000000086a00000, 0x0000000086b00000|  0%| F|  |TAMS 0x0000000086a00000, 0x0000000086a00000| Untracked 
|  61|0x0000000086b00000, 0x0000000086b00000, 0x0000000086c00000|  0%| F|  |TAMS 0x0000000086b00000, 0x0000000086b00000| Untracked 
|  62|0x0000000086c00000, 0x0000000086c00000, 0x0000000086d00000|  0%| F|  |TAMS 0x0000000086c00000, 0x0000000086c00000| Untracked 
|  63|0x0000000086d00000, 0x0000000086d00000, 0x0000000086e00000|  0%| F|  |TAMS 0x0000000086d00000, 0x0000000086d00000| Untracked 
|  64|0x0000000086e00000, 0x0000000086e00000, 0x0000000086f00000|  0%| F|  |TAMS 0x0000000086e00000, 0x0000000086e00000| Untracked 
|  65|0x0000000086f00000, 0x0000000086f00000, 0x0000000087000000|  0%| F|  |TAMS 0x0000000086f00000, 0x0000000086f00000| Untracked 
|  66|0x0000000087000000, 0x0000000087000000, 0x0000000087100000|  0%| F|  |TAMS 0x0000000087000000, 0x0000000087000000| Untracked 
|  67|0x0000000087100000, 0x0000000087100000, 0x0000000087200000|  0%| F|  |TAMS 0x0000000087100000, 0x0000000087100000| Untracked 
|  68|0x0000000087200000, 0x0000000087200000, 0x0000000087300000|  0%| F|  |TAMS 0x0000000087200000, 0x0000000087200000| Untracked 
|  69|0x0000000087300000, 0x0000000087300000, 0x0000000087400000|  0%| F|  |TAMS 0x0000000087300000, 0x0000000087300000| Untracked 
|  70|0x0000000087400000, 0x0000000087400000, 0x0000000087500000|  0%| F|  |TAMS 0x0000000087400000, 0x0000000087400000| Untracked 
|  71|0x0000000087500000, 0x0000000087500000, 0x0000000087600000|  0%| F|  |TAMS 0x0000000087500000, 0x0000000087500000| Untracked 
|  72|0x0000000087600000, 0x0000000087600000, 0x0000000087700000|  0%| F|  |TAMS 0x0000000087600000, 0x0000000087600000| Untracked 
|  73|0x0000000087700000, 0x0000000087700000, 0x0000000087800000|  0%| F|  |TAMS 0x0000000087700000, 0x0000000087700000| Untracked 
|  74|0x0000000087800000, 0x0000000087800000, 0x0000000087900000|  0%| F|  |TAMS 0x0000000087800000, 0x0000000087800000| Untracked 
|  75|0x0000000087900000, 0x0000000087900000, 0x0000000087a00000|  0%| F|  |TAMS 0x0000000087900000, 0x0000000087900000| Untracked 
|  76|0x0000000087a00000, 0x0000000087a00000, 0x0000000087b00000|  0%| F|  |TAMS 0x0000000087a00000, 0x0000000087a00000| Untracked 
|  77|0x0000000087b00000, 0x0000000087b00000, 0x0000000087c00000|  0%| F|  |TAMS 0x0000000087b00000, 0x0000000087b00000| Untracked 
|  78|0x0000000087c00000, 0x0000000087c00000, 0x0000000087d00000|  0%| F|  |TAMS 0x0000000087c00000, 0x0000000087c00000| Untracked 
|  79|0x0000000087d00000, 0x0000000087d00000, 0x0000000087e00000|  0%| F|  |TAMS 0x0000000087d00000, 0x0000000087d00000| Untracked 
|  80|0x0000000087e00000, 0x0000000087e00000, 0x0000000087f00000|  0%| F|  |TAMS 0x0000000087e00000, 0x0000000087e00000| Untracked 
|  81|0x0000000087f00000, 0x0000000087f00000, 0x0000000088000000|  0%| F|  |TAMS 0x0000000087f00000, 0x0000000087f00000| Untracked 
|  82|0x0000000088000000, 0x0000000088000000, 0x0000000088100000|  0%| F|  |TAMS 0x0000000088000000, 0x0000000088000000| Untracked 
|  83|0x0000000088100000, 0x0000000088100000, 0x0000000088200000|  0%| F|  |TAMS 0x0000000088100000, 0x0000000088100000| Untracked 
|  84|0x0000000088200000, 0x0000000088200000, 0x0000000088300000|  0%| F|  |TAMS 0x0000000088200000, 0x0000000088200000| Untracked 
|  85|0x0000000088300000, 0x0000000088300000, 0x0000000088400000|  0%| F|  |TAMS 0x0000000088300000, 0x0000000088300000| Untracked 
|  86|0x0000000088400000, 0x0000000088400000, 0x0000000088500000|  0%| F|  |TAMS 0x0000000088400000, 0x0000000088400000| Untracked 
|  87|0x0000000088500000, 0x0000000088500000, 0x0000000088600000|  0%| F|  |TAMS 0x0000000088500000, 0x0000000088500000| Untracked 
|  88|0x0000000088600000, 0x0000000088600000, 0x0000000088700000|  0%| F|  |TAMS 0x0000000088600000, 0x0000000088600000| Untracked 
|  89|0x0000000088700000, 0x0000000088700000, 0x0000000088800000|  0%| F|  |TAMS 0x0000000088700000, 0x0000000088700000| Untracked 
|  90|0x0000000088800000, 0x0000000088800000, 0x0000000088900000|  0%| F|  |TAMS 0x0000000088800000, 0x0000000088800000| Untracked 
|  91|0x0000000088900000, 0x0000000088900000, 0x0000000088a00000|  0%| F|  |TAMS 0x0000000088900000, 0x0000000088900000| Untracked 
|  92|0x0000000088a00000, 0x0000000088a00000, 0x0000000088b00000|  0%| F|  |TAMS 0x0000000088a00000, 0x0000000088a00000| Untracked 
|  93|0x0000000088b00000, 0x0000000088b00000, 0x0000000088c00000|  0%| F|  |TAMS 0x0000000088b00000, 0x0000000088b00000| Untracked 
|  94|0x0000000088c00000, 0x0000000088c00000, 0x0000000088d00000|  0%| F|  |TAMS 0x0000000088c00000, 0x0000000088c00000| Untracked 
|  95|0x0000000088d00000, 0x0000000088d00000, 0x0000000088e00000|  0%| F|  |TAMS 0x0000000088d00000, 0x0000000088d00000| Untracked 
|  96|0x0000000088e00000, 0x0000000088e00000, 0x0000000088f00000|  0%| F|  |TAMS 0x0000000088e00000, 0x0000000088e00000| Untracked 
|  97|0x0000000088f00000, 0x0000000088f00000, 0x0000000089000000|  0%| F|  |TAMS 0x0000000088f00000, 0x0000000088f00000| Untracked 
|  98|0x0000000089000000, 0x0000000089000000, 0x0000000089100000|  0%| F|  |TAMS 0x0000000089000000, 0x0000000089000000| Untracked 
|  99|0x0000000089100000, 0x0000000089100000, 0x0000000089200000|  0%| F|  |TAMS 0x0000000089100000, 0x0000000089100000| Untracked 
| 100|0x0000000089200000, 0x0000000089300000, 0x0000000089300000|100%| S|CS|TAMS 0x0000000089200000, 0x0000000089200000| Complete 
| 101|0x0000000089300000, 0x0000000089400000, 0x0000000089400000|100%| S|CS|TAMS 0x0000000089300000, 0x0000000089300000| Complete 
| 102|0x0000000089400000, 0x0000000089500000, 0x0000000089500000|100%| S|CS|TAMS 0x0000000089400000, 0x0000000089400000| Complete 
| 103|0x0000000089500000, 0x0000000089500000, 0x0000000089600000|  0%| F|  |TAMS 0x0000000089500000, 0x0000000089500000| Untracked 
| 104|0x0000000089600000, 0x0000000089600000, 0x0000000089700000|  0%| F|  |TAMS 0x0000000089600000, 0x0000000089600000| Untracked 
| 105|0x0000000089700000, 0x0000000089700000, 0x0000000089800000|  0%| F|  |TAMS 0x0000000089700000, 0x0000000089700000| Untracked 
| 106|0x0000000089800000, 0x0000000089800000, 0x0000000089900000|  0%| F|  |TAMS 0x0000000089800000, 0x0000000089800000| Untracked 
| 107|0x0000000089900000, 0x0000000089900000, 0x0000000089a00000|  0%| F|  |TAMS 0x0000000089900000, 0x0000000089900000| Untracked 
| 108|0x0000000089a00000, 0x0000000089a00000, 0x0000000089b00000|  0%| F|  |TAMS 0x0000000089a00000, 0x0000000089a00000| Untracked 
| 109|0x0000000089b00000, 0x0000000089b00000, 0x0000000089c00000|  0%| F|  |TAMS 0x0000000089b00000, 0x0000000089b00000| Untracked 
| 110|0x0000000089c00000, 0x0000000089c00000, 0x0000000089d00000|  0%| F|  |TAMS 0x0000000089c00000, 0x0000000089c00000| Untracked 
| 111|0x0000000089d00000, 0x0000000089d00000, 0x0000000089e00000|  0%| F|  |TAMS 0x0000000089d00000, 0x0000000089d00000| Untracked 
| 112|0x0000000089e00000, 0x0000000089e00000, 0x0000000089f00000|  0%| F|  |TAMS 0x0000000089e00000, 0x0000000089e00000| Untracked 
| 113|0x0000000089f00000, 0x0000000089f00000, 0x000000008a000000|  0%| F|  |TAMS 0x0000000089f00000, 0x0000000089f00000| Untracked 
| 114|0x000000008a000000, 0x000000008a000000, 0x000000008a100000|  0%| F|  |TAMS 0x000000008a000000, 0x000000008a000000| Untracked 
| 115|0x000000008a100000, 0x000000008a100000, 0x000000008a200000|  0%| F|  |TAMS 0x000000008a100000, 0x000000008a100000| Untracked 
| 116|0x000000008a200000, 0x000000008a300000, 0x000000008a300000|100%| E|  |TAMS 0x000000008a200000, 0x000000008a200000| Complete 
| 117|0x000000008a300000, 0x000000008a400000, 0x000000008a400000|100%| E|CS|TAMS 0x000000008a300000, 0x000000008a300000| Complete 
| 118|0x000000008a400000, 0x000000008a500000, 0x000000008a500000|100%| E|CS|TAMS 0x000000008a400000, 0x000000008a400000| Complete 
| 119|0x000000008a500000, 0x000000008a600000, 0x000000008a600000|100%| E|CS|TAMS 0x000000008a500000, 0x000000008a500000| Complete 
| 120|0x000000008a600000, 0x000000008a700000, 0x000000008a700000|100%| E|CS|TAMS 0x000000008a600000, 0x000000008a600000| Complete 
| 121|0x000000008a700000, 0x000000008a800000, 0x000000008a800000|100%| E|CS|TAMS 0x000000008a700000, 0x000000008a700000| Complete 
| 122|0x000000008a800000, 0x000000008a900000, 0x000000008a900000|100%| E|CS|TAMS 0x000000008a800000, 0x000000008a800000| Complete 
| 123|0x000000008a900000, 0x000000008aa00000, 0x000000008aa00000|100%| E|CS|TAMS 0x000000008a900000, 0x000000008a900000| Complete 
| 124|0x000000008aa00000, 0x000000008ab00000, 0x000000008ab00000|100%| E|CS|TAMS 0x000000008aa00000, 0x000000008aa00000| Complete 
| 125|0x000000008ab00000, 0x000000008ac00000, 0x000000008ac00000|100%| E|CS|TAMS 0x000000008ab00000, 0x000000008ab00000| Complete 

Card table byte_map: [0x000001df64400000,0x000001df647f0000] _byte_map_base: 0x000001df63fe9000

Marking Bits (Prev, Next): (CMBitMap*) 0x000001df4c5755b8, (CMBitMap*) 0x000001df4c5755f8
 Prev Bits: [0x000001df64be0000, 0x000001df66b28000)
 Next Bits: [0x000001df66b30000, 0x000001df68a78000)

Polling page: 0x000001df4a6e0000

Metaspace:

Usage:
  Non-class:     18.07 MB capacity,    17.87 MB ( 99%) used,   164.93 KB ( <1%) free+waste,    40.13 KB ( <1%) overhead. 
      Class:      2.41 MB capacity,     2.27 MB ( 94%) used,   126.77 KB (  5%) free+waste,    21.50 KB ( <1%) overhead. 
       Both:     20.48 MB capacity,    20.14 MB ( 98%) used,   291.70 KB (  1%) free+waste,    61.63 KB ( <1%) overhead. 

Virtual space:
  Non-class space:       20.00 MB reserved,      18.25 MB ( 91%) committed 
      Class space:        1.00 GB reserved,       2.50 MB ( <1%) committed 
             Both:        1.02 GB reserved,      20.75 MB (  2%) committed 

Chunk freelists:
   Non-Class:  59.00 KB
       Class:  24.00 KB
        Both:  83.00 KB

MaxMetaspaceSize: 17179869184.00 GB
CompressedClassSpaceSize: 1.00 GB

CodeHeap 'non-profiled nmethods': size=120000Kb used=864Kb max_used=864Kb free=119135Kb
 bounds [0x000001df5c7b0000, 0x000001df5ca20000, 0x000001df63ce0000]
CodeHeap 'profiled nmethods': size=120000Kb used=5931Kb max_used=5931Kb free=114068Kb
 bounds [0x000001df55280000, 0x000001df55850000, 0x000001df5c7b0000]
CodeHeap 'non-nmethods': size=5760Kb used=1411Kb max_used=1428Kb free=4348Kb
 bounds [0x000001df54ce0000, 0x000001df54f50000, 0x000001df55280000]
 total_blobs=3462 nmethods=2731 adapters=642
 compilation: enabled
              stopped_count=0, restarted_count=0
 full_count=0

Compilation events (20 events):
Event: 28.859 Thread 0x000001df6b4e5000 nmethod 2699% 0x000001df5c885810 code [0x000001df5c8859c0, 0x000001df5c885c38]
Event: 28.862 Thread 0x000001df6b4e5000 2702       4       java.util.Arrays::fill (28 bytes)
Event: 28.872 Thread 0x000001df6b4e9000 nmethod 2697% 0x000001df5580cd10 code [0x000001df5580d1e0, 0x000001df55810e48]
Event: 28.872 Thread 0x000001df6b4e9000 2696       3       sun.java2d.marlin.MarlinCache::copyAARowNoRLE (362 bytes)
Event: 28.872 Thread 0x000001df6b4e5000 nmethod 2702 0x000001df5c885d90 code [0x000001df5c885f40, 0x000001df5c886168]
Event: 28.873 Thread 0x000001df6b4e9000 nmethod 2696 0x000001df55813110 code [0x000001df55813340, 0x000001df55813b58]
Event: 28.873 Thread 0x000001df6b4e9000 2698 %     3       java.util.Arrays::fill @ 10 (28 bytes)
Event: 28.874 Thread 0x000001df6b4e9000 nmethod 2698% 0x000001df55814010 code [0x000001df558141c0, 0x000001df55814468]
Event: 28.874 Thread 0x000001df6b4e9000 2701       3       sun.java2d.marlin.DRenderer::_endRendering (2480 bytes)
Event: 28.879 Thread 0x000001df6b4e5000 2703 %     4       sun.java2d.marlin.MarlinCache::copyAARowNoRLE @ 204 (362 bytes)
Event: 28.887 Thread 0x000001df6b4e9000 nmethod 2701 0x000001df55814610 code [0x000001df55814b80, 0x000001df55818728]
Event: 28.887 Thread 0x000001df6b4e9000 2700       3       sun.java2d.marlin.MarlinCache::alphaSumInTile (16 bytes)
Event: 28.888 Thread 0x000001df6b4e9000 nmethod 2700 0x000001df5581bc10 code [0x000001df5581bda0, 0x000001df5581bef8]
Event: 28.888 Thread 0x000001df6b4e9000 2704 %     3       sun.java2d.marlin.MarlinTileGenerator::getAlphaRLE @ 879 (1749 bytes)
Event: 28.893 Thread 0x000001df6b4e5000 nmethod 2703% 0x000001df5c886290 code [0x000001df5c886460, 0x000001df5c8869e8]
Event: 28.900 Thread 0x000001df6b4e9000 nmethod 2704% 0x000001df5581c010 code [0x000001df5581c4e0, 0x000001df558202c8]
Event: 28.900 Thread 0x000001df6b4e9000 2705       3       java.util.Arrays::fill (28 bytes)
Event: 28.900 Thread 0x000001df6b4e5000 2706 %     4       sun.java2d.marlin.DRenderer::_endRendering @ 784 (2480 bytes)
Event: 28.901 Thread 0x000001df6b4e9000 nmethod 2705 0x000001df55822510 code [0x000001df558226c0, 0x000001df558228c8]
Event: 28.902 Thread 0x000001df6b4e9000 2708 %     3       sun.java2d.marlin.MarlinTileGenerator::getAlphaRLE @ 1494 (1749 bytes)

GC Heap History (2 events):
Event: 2.989 GC heap before
{Heap before GC invocations=0 (full 0):
 garbage-first heap   total 129024K, used 22528K [0x0000000082e00000, 0x0000000100000000)
  region size 1024K, 23 young (23552K), 0 survivors (0K)
 Metaspace       used 17265K, capacity 17590K, committed 17664K, reserved 1064960K
  class space    used 2064K, capacity 2240K, committed 2304K, reserved 1048576K
}
Event: 2.999 GC heap after
{Heap after GC invocations=1 (full 0):
 garbage-first heap   total 129024K, used 5262K [0x0000000082e00000, 0x0000000100000000)
  region size 1024K, 3 young (3072K), 3 survivors (3072K)
 Metaspace       used 17265K, capacity 17590K, committed 17664K, reserved 1064960K
  class space    used 2064K, capacity 2240K, committed 2304K, reserved 1048576K
}

Deoptimization events (20 events):
Event: 28.861 Thread 0x000001df6c1cb800 DEOPT PACKING pc=0x000001df55809149 sp=0x000000644fffbdf0
Event: 28.861 Thread 0x000001df6c1cb800 DEOPT UNPACKING pc=0x000001df54d2964e sp=0x000000644fffb610 mode 0
Event: 28.862 Thread 0x000001df6c1cb800 DEOPT PACKING pc=0x000001df557031bf sp=0x000000644fffbeb0
Event: 28.862 Thread 0x000001df6c1cb800 DEOPT UNPACKING pc=0x000001df54d2964e sp=0x000000644fffb360 mode 0
Event: 28.881 Thread 0x000001df6c1cb800 DEOPT PACKING pc=0x000001df55808cc0 sp=0x000000644fffbdf0
Event: 28.881 Thread 0x000001df6c1cb800 DEOPT UNPACKING pc=0x000001df54d2964e sp=0x000000644fffb610 mode 0
Event: 28.884 Thread 0x000001df6c1cb800 DEOPT PACKING pc=0x000001df556fd91a sp=0x000000644fffbed0
Event: 28.884 Thread 0x000001df6c1cb800 DEOPT UNPACKING pc=0x000001df54d2964e sp=0x000000644fffb610 mode 0
Event: 28.887 Thread 0x000001df6c1cb800 DEOPT PACKING pc=0x000001df556fd91a sp=0x000000644fffbed0
Event: 28.887 Thread 0x000001df6c1cb800 DEOPT UNPACKING pc=0x000001df54d2964e sp=0x000000644fffb610 mode 0
Event: 28.900 Thread 0x000001df6c1cb800 DEOPT PACKING pc=0x000001df558180a0 sp=0x000000644fffc230
Event: 28.900 Thread 0x000001df6c1cb800 DEOPT UNPACKING pc=0x000001df54d2964e sp=0x000000644fffb610 mode 0
Event: 28.901 Thread 0x000001df6c1cb800 DEOPT PACKING pc=0x000001df55813aa2 sp=0x000000644fffbfc0
Event: 28.901 Thread 0x000001df6c1cb800 DEOPT UNPACKING pc=0x000001df54d2964e sp=0x000000644fffb458 mode 0
Event: 28.902 Thread 0x000001df6c1cb800 DEOPT PACKING pc=0x000001df55822843 sp=0x000000644fffc490
Event: 28.902 Thread 0x000001df6c1cb800 DEOPT UNPACKING pc=0x000001df54d2964e sp=0x000000644fffb940 mode 0
Event: 28.903 Thread 0x000001df6c1cb800 DEOPT PACKING pc=0x000001df55822843 sp=0x000000644fffc490
Event: 28.903 Thread 0x000001df6c1cb800 DEOPT UNPACKING pc=0x000001df54d2964e sp=0x000000644fffb940 mode 0
Event: 28.904 Thread 0x000001df6c1cb800 DEOPT PACKING pc=0x000001df55822843 sp=0x000000644fffc490
Event: 28.904 Thread 0x000001df6c1cb800 DEOPT UNPACKING pc=0x000001df54d2964e sp=0x000000644fffb940 mode 0

Classes unloaded (0 events):
No events

Classes redefined (0 events):
No events

Internal exceptions (20 events):
Event: 0.723 Thread 0x000001df4c530000 Exception <a 'java/io/FileNotFoundException'{0x000000008aaddfd8}> (0x000000008aaddfd8) 
thrown [./open/src/hotspot/share/prims/jni.cpp, line 599]
Event: 0.742 Thread 0x000001df4c530000 Exception <a 'java/io/FileNotFoundException'{0x000000008a904af8}> (0x000000008a904af8) 
thrown [./open/src/hotspot/share/prims/jni.cpp, line 599]
Event: 0.905 Thread 0x000001df6c1ba800 Exception <a 'java/lang/NoSuchMethodError'{0x000000008a97b370}: 'void java.lang.invoke.DirectMethodHandle$Holder.invokeSpecial(java.lang.Object, java.lang.Object)'> (0x000000008a97b370) 
thrown [./open/src/hotspot/share/interpreter/linkResolver.cpp, line 766]
Event: 1.180 Thread 0x000001df6c1cb800 Exception <a 'java/lang/NoSuchMethodError'{0x000000008a865058}: 'java.lang.Object java.lang.invoke.DirectMethodHandle$Holder.invokeStatic(java.lang.Object, int, java.lang.Object, java.lang.Object, java.lang.Object, java.lang.Object)'> (0x000000008a865058) 
thrown [./open/src/hotspot/share/interpreter/linkResolver.cpp, line 766]
Event: 1.182 Thread 0x000001df6c1cb800 Exception <a 'java/lang/NoSuchMethodError'{0x000000008a86b978}: 'java.lang.Object java.lang.invoke.DirectMethodHandle$Holder.invokeStatic(java.lang.Object, int, java.lang.Object, java.lang.Object, java.lang.Object)'> (0x000000008a86b978) 
thrown [./open/src/hotspot/share/interpreter/linkResolver.cpp, line 766]
Event: 1.183 Thread 0x000001df6c1cb800 Exception <a 'java/lang/NoSuchMethodError'{0x000000008a86f1c8}: 'java.lang.Object java.lang.invoke.DirectMethodHandle$Holder.invokeSpecial(java.lang.Object, java.lang.Object, int, java.lang.Object, java.lang.Object, java.lang.Object)'> (0x000000008a86f1c8) 
thrown [./open/src/hotspot/share/interpreter/linkResolver.cpp, line 766]
Event: 1.190 Thread 0x000001df6c1cb800 Exception <a 'java/lang/NoSuchMethodError'{0x000000008a8857d8}: 'java.lang.Object java.lang.invoke.DirectMethodHandle$Holder.invokeStatic(java.lang.Object, int, java.lang.Object)'> (0x000000008a8857d8) 
thrown [./open/src/hotspot/share/interpreter/linkResolver.cpp, line 766]
Event: 1.238 Thread 0x000001df6c1cb800 Exception <a 'java/lang/ClassNotFoundException'{0x000000008a729418}: com/sun/swing/internal/plaf/metal/resources/spi/metalProvider> (0x000000008a729418) 
thrown [./open/src/hotspot/share/classfile/systemDictionary.cpp, line 226]
Event: 1.240 Thread 0x000001df6c1cb800 Exception <a 'java/lang/ClassNotFoundException'{0x000000008a72d4f0}: com/sun/swing/internal/plaf/basic/resources/spi/basicProvider> (0x000000008a72d4f0) 
thrown [./open/src/hotspot/share/classfile/systemDictionary.cpp, line 226]
Event: 1.274 Thread 0x000001df6c1cb800 Exception <a 'java/lang/NoSuchMethodError'{0x000000008a74aa40}: 'void java.lang.invoke.DirectMethodHandle$Holder.invokeStaticInit(java.lang.Object)'> (0x000000008a74aa40) 
thrown [./open/src/hotspot/share/interpreter/linkResolver.cpp, line 766]
Event: 1.681 Thread 0x000001df6c1cb800 Exception <a 'java/lang/NoSuchMethodError'{0x000000008a284b98}: 'java.lang.Object java.lang.invoke.DirectMethodHandle$Holder.invokeStaticInit(java.lang.Object, int, int, int, int)'> (0x000000008a284b98) 
thrown [./open/src/hotspot/share/interpreter/linkResolver.cpp, line 766]
Event: 1.801 Thread 0x000001df6c1cb800 Exception <a 'java/lang/NoSuchMethodError'{0x000000008a10f458}: 'java.lang.Object java.lang.invoke.DirectMethodHandle$Holder.invokeStaticInit(java.lang.Object, java.lang.Object, int, int, int, int)'> (0x000000008a10f458) 
thrown [./open/src/hotspot/share/interpreter/linkResolver.cpp, line 766]
Event: 1.843 Thread 0x000001df6c1cb800 Exception <a 'sun/nio/fs/WindowsException'{0x000000008a19faa8}> (0x000000008a19faa8) 
thrown [./open/src/hotspot/share/prims/jni.cpp, line 599]
Event: 1.844 Thread 0x000001df6c1cb800 Exception <a 'java/lang/NoSuchMethodError'{0x000000008a1a1670}: 'int java.lang.invoke.DirectMethodHandle$Holder.invokeSpecialIFC(java.lang.Object, java.lang.Object, int)'> (0x000000008a1a1670) 
thrown [./open/src/hotspot/share/interpreter/linkResolver.cpp, line 766]
Event: 1.864 Thread 0x000001df6c1cb800 Exception <a 'java/lang/NoSuchMethodError'{0x000000008a1cc900}: 'int java.lang.invoke.DirectMethodHandle$Holder.invokeStaticInit(java.lang.Object, java.lang.Object, java.lang.Object, java.lang.Object)'> (0x000000008a1cc900) 
thrown [./open/src/hotspot/share/interpreter/linkResolver.cpp, line 766]
Event: 1.868 Thread 0x000001df6c1cb800 Exception <a 'java/lang/IncompatibleClassChangeError'{0x000000008a1d54a8}: Found class java.lang.Object, but interface was expected> (0x000000008a1d54a8) 
thrown [./open/src/hotspot/share/interpreter/linkResolver.cpp, line 832]
Event: 1.868 Thread 0x000001df6c1cb800 Exception <a 'java/lang/NoSuchMethodError'{0x000000008a1d8158}: 'void java.lang.invoke.DirectMethodHandle$Holder.invokeStaticInit(java.lang.Object, java.lang.Object)'> (0x000000008a1d8158) 
thrown [./open/src/hotspot/share/interpreter/linkResolver.cpp, line 766]
Event: 1.870 Thread 0x000001df6c1cb800 Exception <a 'java/lang/NoSuchMethodError'{0x000000008a1dd4f0}: 'int java.lang.invoke.DirectMethodHandle$Holder.invokeStaticInit(java.lang.Object, java.lang.Object)'> (0x000000008a1dd4f0) 
thrown [./open/src/hotspot/share/interpreter/linkResolver.cpp, line 766]
Event: 2.191 Thread 0x000001df6c1cb800 Exception <a 'java/lang/NoSuchMethodError'{0x0000000089b58298}: 'void java.lang.invoke.DirectMethodHandle$Holder.invokeSpecial(java.lang.Object, java.lang.Object, java.lang.Object, java.lang.Object)'> (0x0000000089b58298) 
thrown [./open/src/hotspot/share/interpreter/linkResolver.cpp, line 766]
Event: 2.879 Thread 0x000001df6c1cb800 Exception <a 'java/lang/NoSuchMethodError'{0x00000000895c3c78}: 'java.lang.Object java.lang.invoke.Invokers$Holder.linkToTargetMethod(java.lang.Object, int, java.lang.Object)'> (0x00000000895c3c78) 
thrown [./open/src/hotspot/share/interpreter/linkResolver.cpp, line 766]

Events (20 events):
Event: 7.967 loading class javax/swing/JComponent$KeyboardState done
Event: 7.967 loading class javax/swing/JComponent$IntVector
Event: 7.967 loading class javax/swing/JComponent$IntVector done
Event: 7.968 loading class javax/swing/JMenuBar
Event: 7.968 loading class javax/swing/JMenuBar done
Event: 7.968 loading class javax/swing/Popup$HeavyWeightWindow
Event: 7.969 loading class sun/awt/ModalExclude
Event: 7.969 loading class sun/awt/ModalExclude done
Event: 7.969 loading class javax/swing/JWindow
Event: 7.969 loading class javax/swing/JWindow done
Event: 7.969 loading class javax/swing/Popup$HeavyWeightWindow done
Event: 8.219 loading class java/awt/LightweightDispatcher$2
Event: 8.219 loading class java/awt/LightweightDispatcher$2 done
Event: 8.309 Executing VM operation: HandshakeOneThread
Event: 8.309 Executing VM operation: HandshakeOneThread done
Event: 8.309 Thread 0x000001df6ca78000 Thread exited: 0x000001df6ca78000
Event: 28.269 Executing VM operation: HandshakeOneThread
Event: 28.269 Executing VM operation: HandshakeOneThread done
Event: 28.433 Executing VM operation: HandshakeAllThreads
Event: 28.433 Executing VM operation: HandshakeAllThreads done


Dynamic libraries:
0x00007ff6a5d30000 - 0x00007ff6a5d3f000 	C:\Program Files\Java\jdk-14.0.2\bin\javaw.exe
0x00007ffc50780000 - 0x00007ffc50989000 	C:\WINDOWS\SYSTEM32\ntdll.dll
0x00007ffc36f80000 - 0x00007ffc36f96000 	C:\Program Files\Avast Software\Avast\aswhook.dll
0x00007ffc4f3b0000 - 0x00007ffc4f46d000 	C:\WINDOWS\System32\KERNEL32.DLL
0x00007ffc4e040000 - 0x00007ffc4e3b4000 	C:\WINDOWS\System32\KERNELBASE.dll
0x00007ffc4dc70000 - 0x00007ffc4dd81000 	C:\WINDOWS\System32\ucrtbase.dll
0x00007ffc374e0000 - 0x00007ffc374f8000 	C:\Program Files\Java\jdk-14.0.2\bin\jli.dll
0x00007ffc316b0000 - 0x00007ffc316c5000 	C:\Program Files\Java\jdk-14.0.2\bin\VCRUNTIME140.dll
0x00007ffc4e620000 - 0x00007ffc4e6ce000 	C:\WINDOWS\System32\ADVAPI32.dll
0x00007ffc50510000 - 0x00007ffc505b3000 	C:\WINDOWS\System32\msvcrt.dll
0x00007ffc50360000 - 0x00007ffc503fe000 	C:\WINDOWS\System32\sechost.dll
0x00007ffc4f4d0000 - 0x00007ffc4f5f0000 	C:\WINDOWS\System32\RPCRT4.dll
0x00007ffc4edc0000 - 0x00007ffc4ef6c000 	C:\WINDOWS\System32\USER32.dll
0x00007ffc4dd90000 - 0x00007ffc4ddb6000 	C:\WINDOWS\System32\win32u.dll
0x00007ffc505c0000 - 0x00007ffc505e9000 	C:\WINDOWS\System32\GDI32.dll
0x00007ffc4ddc0000 - 0x00007ffc4ded2000 	C:\WINDOWS\System32\gdi32full.dll
0x00007ffc4dfa0000 - 0x00007ffc4e03d000 	C:\WINDOWS\System32\msvcp_win.dll
0x00007ffc23b70000 - 0x00007ffc23e15000 	C:\WINDOWS\WinSxS\amd64_microsoft.windows.common-controls_6595b64144ccf1df_6.0.22000.120_none_9d947278b86cc467\COMCTL32.dll
0x00007ffc37550000 - 0x00007ffc3755a000 	C:\WINDOWS\SYSTEM32\VERSION.dll
0x00007ffc4ed60000 - 0x00007ffc4ed91000 	C:\WINDOWS\System32\IMM32.DLL
0x00007ffbfd460000 - 0x00007ffbfd4fb000 	C:\Program Files\Java\jdk-14.0.2\bin\msvcp140.dll
0x00007ffbb3040000 - 0x00007ffbb3b5e000 	C:\Program Files\Java\jdk-14.0.2\bin\server\jvm.dll
0x00007ffc4f090000 - 0x00007ffc4f098000 	C:\WINDOWS\System32\PSAPI.DLL
0x00007ffc352c0000 - 0x00007ffc352c9000 	C:\WINDOWS\SYSTEM32\WSOCK32.dll
0x00007ffc37d10000 - 0x00007ffc37d43000 	C:\WINDOWS\SYSTEM32\WINMM.dll
0x00007ffc4f0a0000 - 0x00007ffc4f10f000 	C:\WINDOWS\System32\WS2_32.dll
0x00007ffc4cd70000 - 0x00007ffc4cd88000 	C:\WINDOWS\SYSTEM32\kernel.appcore.dll
0x00007ffc41fb0000 - 0x00007ffc41fba000 	C:\Program Files\Java\jdk-14.0.2\bin\jimage.dll
0x00007ffc49760000 - 0x00007ffc49981000 	C:\WINDOWS\SYSTEM32\DBGHELP.DLL
0x00007ffc49700000 - 0x00007ffc49731000 	C:\WINDOWS\SYSTEM32\dbgcore.DLL
0x00007ffc4e430000 - 0x00007ffc4e4af000 	C:\WINDOWS\System32\bcryptPrimitives.dll
0x00007ffc38fa0000 - 0x00007ffc38fc5000 	C:\Program Files\Java\jdk-14.0.2\bin\java.dll
0x00007ffc30950000 - 0x00007ffc30966000 	C:\Program Files\Java\jdk-14.0.2\bin\zip.dll
0x00007ffc4faa0000 - 0x00007ffc5024f000 	C:\WINDOWS\System32\SHELL32.dll
0x00007ffc4bde0000 - 0x00007ffc4c648000 	C:\WINDOWS\SYSTEM32\windows.storage.dll
0x00007ffc4f710000 - 0x00007ffc4fa88000 	C:\WINDOWS\System32\combase.dll
0x00007ffc4bc70000 - 0x00007ffc4bdd6000 	C:\WINDOWS\SYSTEM32\wintypes.dll
0x00007ffc50420000 - 0x00007ffc5050a000 	C:\WINDOWS\System32\SHCORE.dll
0x00007ffc4eb60000 - 0x00007ffc4ebbd000 	C:\WINDOWS\System32\shlwapi.dll
0x00007ffc4dba0000 - 0x00007ffc4dbc1000 	C:\WINDOWS\SYSTEM32\profapi.dll
0x00007ffc30930000 - 0x00007ffc30949000 	C:\Program Files\Java\jdk-14.0.2\bin\net.dll
0x00007ffc46f60000 - 0x00007ffc4706c000 	C:\WINDOWS\SYSTEM32\WINHTTP.dll
0x00007ffc4d1a0000 - 0x00007ffc4d207000 	C:\WINDOWS\system32\mswsock.dll
0x00007ffc30910000 - 0x00007ffc30922000 	C:\Program Files\Java\jdk-14.0.2\bin\nio.dll
0x00007ffc0e120000 - 0x00007ffc0e2b9000 	C:\Program Files\Java\jdk-14.0.2\bin\awt.dll
0x00007ffc4f110000 - 0x00007ffc4f1e6000 	C:\WINDOWS\System32\OLEAUT32.dll
0x00007ffc4b0c0000 - 0x00007ffc4b151000 	C:\WINDOWS\SYSTEM32\apphelp.dll
0x00007ffc4b380000 - 0x00007ffc4b42c000 	C:\WINDOWS\system32\uxtheme.dll
0x00007ffc4f5f0000 - 0x00007ffc4f70e000 	C:\WINDOWS\System32\MSCTF.dll
0x00007ffc4ebc0000 - 0x00007ffc4ed5a000 	C:\WINDOWS\System32\ole32.dll
0x00007ffc4b760000 - 0x00007ffc4b78f000 	C:\WINDOWS\system32\DWMAPI.DLL
0x00007ffc2d900000 - 0x00007ffc2da01000 	C:\WINDOWS\system32\opengl32.dll
0x00007ffc42300000 - 0x00007ffc4232d000 	C:\WINDOWS\SYSTEM32\GLU32.dll
0x00007ffc4b4c0000 - 0x00007ffc4b4f8000 	C:\WINDOWS\SYSTEM32\dxcore.dll
0x00007ffc4c8d0000 - 0x00007ffc4c9b8000 	C:\WINDOWS\SYSTEM32\DNSAPI.dll
0x00007ffc4c8a0000 - 0x00007ffc4c8cd000 	C:\WINDOWS\SYSTEM32\IPHLPAPI.DLL
0x00007ffc4eb50000 - 0x00007ffc4eb59000 	C:\WINDOWS\System32\NSI.dll
0x00007ffc37080000 - 0x00007ffc3708a000 	C:\Windows\System32\rasadhlp.dll
0x00007ffc377f0000 - 0x00007ffc37871000 	C:\WINDOWS\System32\fwpuclnt.dll
0x00007ffc4d3e0000 - 0x00007ffc4d3f8000 	C:\WINDOWS\SYSTEM32\CRYPTSP.dll
0x00007ffc4ccd0000 - 0x00007ffc4cd05000 	C:\WINDOWS\system32\rsaenh.dll
0x00007ffc4d290000 - 0x00007ffc4d2b9000 	C:\WINDOWS\SYSTEM32\USERENV.dll
0x00007ffc4d560000 - 0x00007ffc4d587000 	C:\WINDOWS\SYSTEM32\bcrypt.dll
0x00007ffc4d400000 - 0x00007ffc4d40c000 	C:\WINDOWS\SYSTEM32\CRYPTBASE.dll
0x00007ffc39700000 - 0x00007ffc39719000 	C:\WINDOWS\SYSTEM32\dhcpcsvc6.DLL
0x00007ffc474c0000 - 0x00007ffc474de000 	C:\WINDOWS\SYSTEM32\dhcpcsvc.DLL
0x00007ffc30860000 - 0x00007ffc30885000 	C:\Program Files\Java\jdk-14.0.2\bin\sunec.dll
0x00007ffc374d0000 - 0x00007ffc374de000 	C:\Program Files\Java\jdk-14.0.2\bin\sunmscapi.dll
0x00007ffc4e4b0000 - 0x00007ffc4e612000 	C:\WINDOWS\System32\CRYPT32.dll
0x00007ffc4d530000 - 0x00007ffc4d558000 	C:\WINDOWS\SYSTEM32\ncrypt.dll
0x00007ffc4d4f0000 - 0x00007ffc4d527000 	C:\WINDOWS\SYSTEM32\NTASN1.dll
0x00007ffc2d590000 - 0x00007ffc2d5a7000 	C:\WINDOWS\system32\napinsp.dll
0x00007ffc2d570000 - 0x00007ffc2d58b000 	C:\WINDOWS\system32\pnrpnsp.dll
0x00007ffc2d550000 - 0x00007ffc2d562000 	C:\WINDOWS\System32\winrnr.dll
0x00007ffc37880000 - 0x00007ffc37895000 	C:\WINDOWS\system32\wshbth.dll
0x00007ffc2d530000 - 0x00007ffc2d54f000 	C:\WINDOWS\system32\nlansp_c.dll
0x00007ffc41fa0000 - 0x00007ffc41fb0000 	C:\Program Files\Java\jdk-14.0.2\bin\verify.dll
0x00007ffc30730000 - 0x00007ffc307b2000 	C:\Program Files\Java\jdk-14.0.2\bin\freetype.dll
0x00007ffc30450000 - 0x00007ffc304f6000 	C:\Program Files\Java\jdk-14.0.2\bin\fontmanager.dll
0x00007ffc3a260000 - 0x00007ffc3a38d000 	C:\WINDOWS\SYSTEM32\textinputframework.dll
0x00007ffc4efe0000 - 0x00007ffc4f08f000 	C:\WINDOWS\System32\clbcatq.dll
0x00007ffc47750000 - 0x00007ffc478fe000 	C:\WINDOWS\SYSTEM32\WindowsCodecs.dll
0x00007ffc00b10000 - 0x00007ffc00b6d000 	C:\WINDOWS\system32\dataexchange.dll
0x00007ffc46c60000 - 0x00007ffc46ec6000 	C:\WINDOWS\system32\twinapi.appcore.dll
0x00007ffc4ab90000 - 0x00007ffc4acc2000 	C:\WINDOWS\SYSTEM32\CoreMessaging.dll
0x00007ffc48ea0000 - 0x00007ffc4920d000 	C:\WINDOWS\SYSTEM32\CoreUIComponents.dll

dbghelp: loaded successfully - version: 4.0.5 - missing functions: none
symbol engine: initialized successfully - sym options: 0x614 - pdb path: .;C:\Program Files\Java\jdk-14.0.2\bin;C:\WINDOWS\SYSTEM32;C:\Program Files\Avast Software\Avast;C:\WINDOWS\WinSxS\amd64_microsoft.windows.common-controls_6595b64144ccf1df_6.0.22000.120_none_9d947278b86cc467;C:\Program Files\Java\jdk-14.0.2\bin\server

VM Arguments:
jvm_args: -Dfile.encoding=UTF-8 -XX:+ShowCodeDetailsInExceptionMessages 
java_command: gui.TrangChu
java_class_path (initial): C:\Users\HELLO\OneDrive\Documents\A1\QuanLyTourDuLich_Nhom08\bin;C:\Users\HELLO\OneDrive\Documents\A1\QuanLyTourDuLich_Nhom08\libs\sqljdbc42.jar;C:\Users\HELLO\OneDrive\Documents\A1\QuanLyTourDuLich_Nhom08\libs\jcalendar-1.4.jar
Launcher Type: SUN_STANDARD

[Global flags]
     intx CICompilerCount                          = 4                                         {product} {ergonomic}
     uint ConcGCThreads                            = 2                                         {product} {ergonomic}
     uint G1ConcRefinementThreads                  = 8                                         {product} {ergonomic}
   size_t G1HeapRegionSize                         = 1048576                                   {product} {ergonomic}
    uintx GCDrainStackTargetSize                   = 64                                        {product} {ergonomic}
   size_t InitialHeapSize                          = 132120576                                 {product} {ergonomic}
   size_t MarkStackSize                            = 4194304                                   {product} {ergonomic}
   size_t MaxHeapSize                              = 2099249152                                {product} {ergonomic}
   size_t MaxNewSize                               = 1259339776                                {product} {ergonomic}
   size_t MinHeapDeltaBytes                        = 1048576                                   {product} {ergonomic}
   size_t MinHeapSize                              = 8388608                                   {product} {ergonomic}
    uintx NonNMethodCodeHeapSize                   = 5839372                                {pd product} {ergonomic}
    uintx NonProfiledCodeHeapSize                  = 122909434                              {pd product} {ergonomic}
    uintx ProfiledCodeHeapSize                     = 122909434                              {pd product} {ergonomic}
    uintx ReservedCodeCacheSize                    = 251658240                              {pd product} {ergonomic}
     bool SegmentedCodeCache                       = true                                      {product} {ergonomic}
     bool ShowCodeDetailsInExceptionMessages       = true                                   {manageable} {command line}
   size_t SoftMaxHeapSize                          = 2099249152                             {manageable} {ergonomic}
     bool UseCompressedClassPointers               = true                                 {lp64_product} {ergonomic}
     bool UseCompressedOops                        = true                                 {lp64_product} {ergonomic}
     bool UseG1GC                                  = true                                      {product} {ergonomic}
     bool UseLargePagesIndividualAllocation        = false                                  {pd product} {ergonomic}

Logging:
Log output configuration:
 #0: stdout all=warning uptime,level,tags
 #1: stderr all=off uptime,level,tags

Environment Variables:
JAVA_HOME=C:\Program Files\Java\jdk-14.0.2
PATH=C:/Program Files/Java/jdk-14.0.2/bin/server;C:/Program Files/Java/jdk-14.0.2/bin;C:\WINDOWS\system32;C:\WINDOWS;C:\WINDOWS\System32\Wbem;C:\WINDOWS\System32\WindowsPowerShell\v1.0\;C:\WINDOWS\System32\OpenSSH\;C:\TDM-GCC-64\bin;C:\Program Files\nodejs\;C:\Program Files\Microsoft SQL Server\Client SDK\ODBC\170\Tools\Binn\;C:\Program Files (x86)\Microsoft SQL Server\150\Tools\Binn\;C:\Program Files\Microsoft SQL Server\150\Tools\Binn\;C:\Program Files\Microsoft SQL Server\150\DTS\Binn\;C:\Program Files\Java\jdk-14.0.2\bin;C:\Program Files\Microsoft SQL Server\130\Tools\Binn\;C:\Program Files\Git\cmd;C:\Program Files\dotnet\;C:\Program Files (x86)\Microsoft SQL Server\150\DTS\Binn\;C:\Program Files\Azure Data Studio\bin;C:\Program Files\Java\jdk-14.0.2\bin;C:\TDM-GCC-64\bin;C:\Users\HELLO\AppData\Local\Microsoft\WindowsApps;C:\Users\HELLO\AppData\Local\GitHubDesktop\bin;C:\Users\HELLO\AppData\Local\Programs\Microsoft VS Code\bin;C:\Users\HELLO\.dotnet\tools;;C:\Program Files\Azure Data Studio\bin;C:\WINDOWS\system32;
USERNAME=HELLO
OS=Windows_NT
PROCESSOR_IDENTIFIER=Intel64 Family 6 Model 142 Stepping 12, GenuineIntel



---------------  S Y S T E M  ---------------

OS: Windows 10 , 64 bit Build 22000 (10.0.22000.613)
OS uptime: 0 days 16:22 hours

CPU:total 8 (initial active 8) (4 cores per cpu, 2 threads per core) family 6 model 142 stepping 12, cmov, cx8, fxsr, mmx, sse, sse2, sse3, ssse3, sse4.1, sse4.2, popcnt, avx, avx2, aes, clmul, erms, 3dnowpref, lzcnt, ht, tsc, tscinvbit, bmi1, bmi2, adx, fma

Memory: 4k page, system-wide physical 8000M (288M free)
TotalPageFile size 16192M (AvailPageFile size 4M)
current process WorkingSet (physical memory assigned to process): 129M, peak: 129M
current process commit charge ("private bytes"): 247M, peak: 248M

vm_info: Java HotSpot(TM) 64-Bit Server VM (14.0.2+12-46) for windows-amd64 JRE (14.0.2+12-46), built on Jul  9 2020 00:35:52 by "mach5one" with MS VC++ 15.9 (VS2017)

END.
